2026-05-18 17:58:52   Build version: 2025.4 Release from 2025-04-11 (change 1409410)

2026-05-18 17:58:52   Starting adaptive port meshing.

                      ------------------------------------------------------------------------------
2026-05-18 17:58:52   Mode calculation for port 1:

                      ------------------------------------------------------------------------------
2026-05-18 17:58:52   According to the selected features the <Time Domain Solver (HEX)> will be
                      started.

                      ------------------------------------------------------------------------------
2026-05-18 17:58:52   

                      ------------------------------------------------------------------------------
2026-05-18 17:58:52   

                      ------------------------------------------------------------------------------
2026-05-18 17:59:14   Using Generalized port mode solver.

                      ------------------------------------------------------------------------------
2026-05-18 17:59:15   *** Warning ***

2026-05-18 17:59:15   Multipin port 1 is strongly inhomogeneous, i.e. the corresponding modes represent combinations of field patterns with 
                      different propagation properties. This may lead to an inaccurate energy balance.
                       More...

                      ------------------------------------------------------------------------------
2026-05-18 17:59:15   Some (Q)TEM modes are not considered at port 1. This may lead to an inaccurate energy balance.
                       More...

                      ------------------------------------------------------------------------------
2026-05-18 17:59:15     --------------------------------- F-Calc 3 ---------------------------------
                        Port   Mode   Type        Z-Wave        Z-Wave-Sigma  Z-Line        F-Cutoff
                        1      1      QTEM        158           6.30e-007     36.2          ---
                        1      2      QTEM        149           8.17e-007     0             ---
                        1      3      QTEM        122           4.86e-007     0             ---
                        ----------------------------------------------------------------------------

2026-05-18 17:59:15   Some (Q)TEM modes are not defined at port 1 and will automatically be absorbed in time domain calculation. This possibly
                      leads to an inaccurate energy balance. Consider to increase the number of modes. More...

                      ------------------------------------------------------------------------------
2026-05-18 17:59:16   Pass 1 successfully completed. 
2026-05-18 17:59:16   According to the selected features the <Time Domain Solver (HEX)> will be
                      started.

                      ------------------------------------------------------------------------------
2026-05-18 17:59:16   

                      ------------------------------------------------------------------------------
2026-05-18 17:59:16   

                      ------------------------------------------------------------------------------
2026-05-18 17:59:39     --------------------------------- F-Calc 3 ---------------------------------
                        Port   Mode   Type        Z-Wave        Z-Wave-Sigma  Z-Line        F-Cutoff
                        1      1      QTEM        162           2.94e-006     46.1          ---
                        1      2      QTEM        152           7.03e-007     0             ---
                        1      3      QTEM        126           1.39e-006     0             ---
                        ----------------------------------------------------------------------------

2026-05-18 17:59:40   Pass 2 successfully completed. Delta (Line Imp.): 21.49%
2026-05-18 17:59:40   According to the selected features the <Time Domain Solver (HEX)> will be
                      started.

                      ------------------------------------------------------------------------------
2026-05-18 17:59:40   

                      ------------------------------------------------------------------------------
2026-05-18 17:59:40   

                      ------------------------------------------------------------------------------
2026-05-18 18:00:02   *** Warning ***

2026-05-18 18:00:02   15 mesh edges are partially filled with PEC.
                       More...

                      ------------------------------------------------------------------------------
2026-05-18 18:00:06     --------------------------------- F-Calc 3 ---------------------------------
                        Port   Mode   Type        Z-Wave        Z-Wave-Sigma  Z-Line        F-Cutoff
                        1      1      QTEM        170           1.95e-007     45.1          ---
                        1      2      QTEM        158           2.11e-007     0             ---
                        1      3      QTEM        132           3.04e-007     0             ---
                        ----------------------------------------------------------------------------

2026-05-18 18:00:06   Pass 3 successfully completed. Delta (Line Imp.): 2.25%
2026-05-18 18:00:06   According to the selected features the <Time Domain Solver (HEX)> will be
                      started.

                      ------------------------------------------------------------------------------
2026-05-18 18:00:07   

                      ------------------------------------------------------------------------------
2026-05-18 18:00:07   

                      ------------------------------------------------------------------------------
2026-05-18 18:00:30     --------------------------------- F-Calc 3 ---------------------------------
                        Port   Mode   Type        Z-Wave        Z-Wave-Sigma  Z-Line        F-Cutoff
                        1      1      QTEM        191           1.45e-007     45.6          ---
                        1      2      QTEM        175           3.13e-007     0             ---
                        1      3      QTEM        205           1.27e-006     0             ---
                        ----------------------------------------------------------------------------

2026-05-18 18:00:32   Pass 4 successfully completed. Delta (Line Imp.): 1.28%
2026-05-18 18:00:32   Mode calculation for port 2:

                      ------------------------------------------------------------------------------
2026-05-18 18:00:32   According to the selected features the <Time Domain Solver (HEX)> will be
                      started.

                      ------------------------------------------------------------------------------
2026-05-18 18:00:32   

                      ------------------------------------------------------------------------------
2026-05-18 18:00:32   

                      ------------------------------------------------------------------------------
2026-05-18 18:00:54   Using Generalized port mode solver.

                      ------------------------------------------------------------------------------
2026-05-18 18:00:55   *** Warning ***

2026-05-18 18:00:55   Multipin port 2 is strongly inhomogeneous, i.e. the corresponding modes represent combinations of field patterns with 
                      different propagation properties. This may lead to an inaccurate energy balance.
                       More...

                      ------------------------------------------------------------------------------
2026-05-18 18:00:55   Some (Q)TEM modes are not considered at port 2. This may lead to an inaccurate energy balance.
                       More...

                      ------------------------------------------------------------------------------
2026-05-18 18:00:55     --------------------------------- F-Calc 3 ---------------------------------
                        Port   Mode   Type        Z-Wave        Z-Wave-Sigma  Z-Line        F-Cutoff
                        2      1      QTEM        158           6.30e-007     36.2          ---
                        2      2      QTEM        149           8.17e-007     0             ---
                        2      3      QTEM        122           4.86e-007     0             ---
                        ----------------------------------------------------------------------------

2026-05-18 18:00:55   Some (Q)TEM modes are not defined at port 2 and will automatically be absorbed in time domain calculation. This possibly
                      leads to an inaccurate energy balance. Consider to increase the number of modes. More...

                      ------------------------------------------------------------------------------
2026-05-18 18:00:56   Pass 1 successfully completed. 
2026-05-18 18:00:56   According to the selected features the <Time Domain Solver (HEX)> will be
                      started.

                      ------------------------------------------------------------------------------
2026-05-18 18:00:56   

                      ------------------------------------------------------------------------------
2026-05-18 18:00:56   

                      ------------------------------------------------------------------------------
2026-05-18 18:01:19     --------------------------------- F-Calc 3 ---------------------------------
                        Port   Mode   Type        Z-Wave        Z-Wave-Sigma  Z-Line        F-Cutoff
                        2      1      QTEM        162           2.94e-006     46.1          ---
                        2      2      QTEM        152           7.03e-007     0             ---
                        2      3      QTEM        126           1.39e-006     0             ---
                        ----------------------------------------------------------------------------

2026-05-18 18:01:20   Pass 2 successfully completed. Delta (Line Imp.): 21.49%
2026-05-18 18:01:20   According to the selected features the <Time Domain Solver (HEX)> will be
                      started.

                      ------------------------------------------------------------------------------
2026-05-18 18:01:20   

                      ------------------------------------------------------------------------------
2026-05-18 18:01:20   

                      ------------------------------------------------------------------------------
2026-05-18 18:01:42   *** Warning ***

2026-05-18 18:01:42   15 mesh edges are partially filled with PEC.
                       More...

                      ------------------------------------------------------------------------------
2026-05-18 18:01:45     --------------------------------- F-Calc 3 ---------------------------------
                        Port   Mode   Type        Z-Wave        Z-Wave-Sigma  Z-Line        F-Cutoff
                        2      1      QTEM        170           1.88e-007     45.1          ---
                        2      2      QTEM        158           2.15e-007     0             ---
                        2      3      QTEM        132           3.06e-007     0             ---
                        ----------------------------------------------------------------------------

2026-05-18 18:01:49   

                      ------------------------------------------------------------------------------
2026-05-18 18:01:49   

                      ------------------------------------------------------------------------------
2026-05-18 18:02:13     --------------------------------- F-Calc 3 ---------------------------------
                        Port   Mode   Type        Z-Wave        Z-Wave-Sigma  Z-Line        F-Cutoff
                        2      1      QTEM        191           1.49e-007     45.6          ---
                        2      2      QTEM        175           3.01e-007     0             ---
                        2      3      QTEM        205           1.27e-006     0             ---
                        ----------------------------------------------------------------------------

2026-05-18 18:02:14   Pass 4 successfully completed. Delta (Line Imp.): 1.28%
2026-05-18 18:02:14   Adaptive port meshing finished. 

                      ------------------------------------------------------------------------------
2026-05-18 18:02:14   According to the selected features the <Time Domain Solver (HEX)> will be
                      started.

                      ------------------------------------------------------------------------------
2026-05-18 18:02:14   
                      Solver started at: 2026-05-18 18:02:14 -0400

                        Module:  Time Domain: S-Parameter (Win 64)
                        Version: 2025.4 Release from 2025-04-11 (change 1409410)

2026-05-18 18:02:14   

                      ------------------------------------------------------------------------------
2026-05-18 18:02:14   

                      ------------------------------------------------------------------------------
2026-05-18 18:02:14   ======================================================================
                       Solver cycle: 1
                      ======================================================================

                      Stimulation at port 1 (mode 1) 



                      ------------------------------------------------------------------------------
2026-05-18 18:02:15   Units settings: 

                        Dimensions: mm
                        Frequency:  GHz
                        Time:       ns

                      ------------------------------------------------------------------------------
2026-05-18 18:02:15   The dispersive material update [Automatic] will be performed using the "Standard" update schema

                      ------------------------------------------------------------------------------
2026-05-18 18:02:24   Mesh statistics:

                         Hexahedral mesh type: Perfect Boundary Approximation (PBA)
                            Version: default

                         Parallelization type: domain decomposition
                            Number of parallel working threads: 1
                            Number of calculation domains used: 1

                         Used point accuracy enhancement value: 75.00%.
                         Acceleration mode: CPU
                         PBA fill limit: 99.00% (inverse)

2026-05-18 18:02:25   Using Generalized port mode solver.

                      ------------------------------------------------------------------------------
2026-05-18 18:02:25   Boundary conditions: 

                        YZsymmetry: none
                        XZsymmetry: none
                        XYsymmetry: none

                        Xmin: expanded open, 4 Layer, depth 20.2852 mm
                        Xmax: expanded open, 4 Layer, depth 20.2852 mm

                        Ymin: expanded open, 4 Layer, depth 20.3246 mm
                        Ymax: expanded open, 4 Layer, depth 22.088 mm

                        Zmin: expanded open, 4 Layer, depth 22.3965 mm
                        Zmax: expanded open, 4 Layer, depth 22.3965 mm

                        PML-Type: Convolution PML

                      ------------------------------------------------------------------------------
2026-05-18 18:02:25   Frequency settings: 

                        Fmin:         1
                        Fmax:         5
                        Nfsteps(lin): 1001

                      ------------------------------------------------------------------------------
2026-05-18 18:02:26   Field update statistics:

                        Number of components in total: 	188566
                        Number of TST and special elements:	382

                      Subcycling state:      			Automatically deactivated

                      ------------------------------------------------------------------------------
2026-05-18 18:02:26   Waveguide boundaries:

2026-05-18 18:02:26   Port: 1

2026-05-18 18:02:26   *** Warning ***

2026-05-18 18:02:26   Multipin port 1 is strongly inhomogeneous, i.e. the corresponding modes represent combinations of field patterns with 
                      different propagation properties. This may lead to an inaccurate energy balance.
                       More...

                      ------------------------------------------------------------------------------
2026-05-18 18:02:26   Some (Q)TEM modes are not considered at port 1. This may lead to an inaccurate energy balance.
                       More...

                      ------------------------------------------------------------------------------
2026-05-18 18:02:26     --------------------------------- F-Calc 3 ---------------------------------
                        Port   Mode   Type        Z-Wave        Z-Wave-Sigma  Z-Line        F-Cutoff
                        1      1      QTEM        158           5.54e-007     45.6          ---
                        1      2      QTEM        150           6.14e-007     0             ---
                        1      3      QTEM        124           2.91e-007     0             ---
                        ----------------------------------------------------------------------------

2026-05-18 18:02:26   Absorbing 2 additional mode(s) at port 1.

                      ------------------------------------------------------------------------------
2026-05-18 18:02:26   Port: 2

2026-05-18 18:02:26   *** Warning ***

2026-05-18 18:02:26   Multipin port 2 is strongly inhomogeneous, i.e. the corresponding modes represent combinations of field patterns with 
                      different propagation properties. This may lead to an inaccurate energy balance.
                       More...

                      ------------------------------------------------------------------------------
2026-05-18 18:02:26   Some (Q)TEM modes are not considered at port 2. This may lead to an inaccurate energy balance.
                       More...

                      ------------------------------------------------------------------------------
2026-05-18 18:02:26     --------------------------------- F-Calc 3 ---------------------------------
                        Port   Mode   Type        Z-Wave        Z-Wave-Sigma  Z-Line        F-Cutoff
                        2      1      QTEM        158           5.34e-007     45.6          ---
                        2      2      QTEM        150           4.60e-007     0             ---
                        2      3      QTEM        124           2.08e-007     0             ---
                        ----------------------------------------------------------------------------

2026-05-18 18:02:26   Absorbing 2 additional mode(s) at port 2.

                      ------------------------------------------------------------------------------
2026-05-18 18:02:26   Some (Q)TEM modes are not defined at port 1 and will automatically be absorbed in time domain calculation. This possibly
                      leads to an inaccurate energy balance. Consider to increase the number of modes. More...

                      ------------------------------------------------------------------------------
2026-05-18 18:02:26   Some (Q)TEM modes are not defined at port 2 and will automatically be absorbed in time domain calculation. This possibly
                      leads to an inaccurate energy balance. Consider to increase the number of modes. More...

                      ------------------------------------------------------------------------------
2026-05-18 18:02:26   Using standard absorber for unconsidered modes at port 1.

                      ------------------------------------------------------------------------------
2026-05-18 18:02:26   Using standard absorber for unconsidered modes at port 2.

                      ------------------------------------------------------------------------------
2026-05-18 18:02:44   
                      --------------------------------------------------------------------------------
2026-05-18 18:02:44   Steady state energy criterion met, solver finished successfully.

                      ------------------------------------------------------------------------------
2026-05-18 18:02:44   Frequency domain results normalized to default signal.


                      ------------------------------------------------------------------------------
2026-05-18 18:02:44   
                        ----------------------------------------------------------------------------
                                            Peak memory used (kB)         Free physical memory (kB) 
                                                                          At begin     Minimum      
                        ----------------------------------------------------------------------------
                        CAD preparation     17708                         13422004     13422004     
                        Matrices calc.      47851                         13418945     13334960     
                        Solver run total    72528                         13426448     13273448     
                        ----------------------------------------------------------------------------

                      --------------------------------------------------------------------------------
                      Solver Statistics:

                        Hardware:
                           Computer name:                 	gurt 

                           Number of CPU threads:               6
                           Hardware info:                  	Hardware Accelerator Device not activated

                        Number of mesh cells:             	29952
                        Excitation duration:              	1.77727437e+000 ns 
                        Calculation time for excitation:  	0 	s
                        Number of calculated pulse widths:	1.01057 
                        Steady state accuracy limit:      	-40	dB 
                        Simulated number of time steps:   	6048 
                        Maximum number of time steps:     	119694 
                        Time step width:
                           without subcycles:             	2.969679903e-004 ns
                           used:                          	2.969679903e-004 ns

                        CAD preparation time:             	1      	s
                        Matrix calculation time:          	7 	s
                        Solver setup time:                	3 	s
                        Solver loop time:                 	14 	s
                        Solver post-processing time:      	1 	s
                                                          	------------
                        Total solver time:                	26 	s

                      ------------------------------------------------------------------------------
2026-05-18 18:02:44   ======================================================================
                       TD-Solver detected a unitary device (two-port reciprocity).
                       S-parameters of the second run will be calculated from
                       the results of the first run.
                      ======================================================================

                      ------------------------------------------------------------------------------
2026-05-18 18:02:44   Structure contains lossy materials or boundaries. Two-port reciprocity may produce inaccurate results. More...

                      ------------------------------------------------------------------------------
2026-05-18 18:02:45   
                        Adaptive port meshing time:          	203    	s  ( = 0 h, 3 m, 23 s )
                        Total solver time (all cycles):      	26     	s
                        Solver initialization and clean-up:  	4      	s
                                                             	------------
                        Total simulation time:               	233    	s  ( = 0 h, 3 m, 53 s )

                      ------------------------------------------------------------------------------
2026-05-18 18:02:45   Solver finished at: 2026-05-18 18:02:45 -0400



                      ------------------------------------------------------------------------------
2026-05-18 18:02:46   Creating parametric 1D results for Run ID 1

                      ------------------------------------------------------------------------------
